* using log directory ‘/home/lucasjardim/Documents/bdc/check/bdc.Rcheck’
* using R version 4.2.1 (2022-06-23)
* using platform: x86_64-pc-linux-gnu (64-bit)
* using session charset: UTF-8
* using option ‘--no-manual’
* checking for file ‘bdc/DESCRIPTION’ ... OK
* this is package ‘bdc’ version ‘1.1.5’
* package encoding: UTF-8
* checking package namespace information ... OK
* checking package dependencies ... OK
* checking if this is a source package ... OK
* checking if there is a namespace ... OK
* checking for executable files ... OK
* checking for hidden files and directories ... OK
* checking for portable file names ... OK
* checking for sufficient/correct file permissions ... OK
* checking whether package ‘bdc’ can be installed ... OK
* checking installed package size ... OK
* checking package directory ... OK
* checking DESCRIPTION meta-information ... OK
* checking top-level files ... OK
* checking for left-over files ... OK
* checking index information ... OK
* checking package subdirectories ... OK
* checking R files for non-ASCII characters ... OK
* checking R files for syntax errors ... OK
* checking whether the package can be loaded ... OK
* checking whether the package can be loaded with stated dependencies ... OK
* checking whether the package can be unloaded cleanly ... OK
* checking whether the namespace can be loaded with stated dependencies ... OK
* checking whether the namespace can be unloaded cleanly ... OK
* checking loading without being on the library search path ... OK
* checking dependencies in R code ... OK
* checking S3 generic/method consistency ... OK
* checking replacement functions ... OK
* checking foreign function calls ... OK
* checking R code for possible problems ... OK
* checking Rd files ... OK
* checking Rd metadata ... OK
* checking Rd cross-references ... OK
* checking for missing documentation entries ... OK
* checking for code/documentation mismatches ... OK
* checking Rd \usage sections ... OK
* checking Rd contents ... OK
* checking for unstated dependencies in examples ... OK
* checking files in ‘vignettes’ ... WARNING
Files in the 'vignettes' directory but no files in 'inst/doc':
  ‘images/map_summary_space_vignette.png’,
    ‘images/prefilter_.coordinates_country_inconsistent_MAP.png’,
    ‘images/prefilter_summary_all_tests_BAR.png’,
    ‘images/space_.rou_BAR.png’, ‘images/space_.urb_MAP.png’,
    ‘images/space_summary_all_tests_BAR.png’,
    ‘images/time_.eventDate_empty_BAR.png’,
    ‘images/time_.summary_BAR.png’,
    ‘images/time_summary_all_tests_BAR.png’,
    ‘images/time_year_BAR.png’, ‘integrate_datasets.Rmd’,
    ‘prefilter.Rmd’, ‘space.Rmd’, ‘taxonomy.Rmd’, ‘time.Rmd’
* checking examples ... OK
* checking for unstated dependencies in ‘tests’ ... OK
* checking tests ... OK
  Running ‘testthat.R’
* checking for unstated dependencies in vignettes ... OK
* checking package vignettes in ‘inst/doc’ ... WARNING
Directory 'inst/doc' does not exist.
Package vignettes without corresponding single PDF/HTML:
   ‘integrate_datasets.Rmd’
   ‘prefilter.Rmd’
   ‘space.Rmd’
   ‘taxonomy.Rmd’
   ‘time.Rmd’

* checking running R code from vignettes ... NONE
  ‘integrate_datasets.Rmd’ using ‘UTF-8’... OK
  ‘prefilter.Rmd’ using ‘UTF-8’... OK
  ‘space.Rmd’ using ‘UTF-8’... OK
  ‘taxonomy.Rmd’ using ‘UTF-8’... OK
  ‘time.Rmd’ using ‘UTF-8’... OK
* checking re-building of vignette outputs ... OK
* DONE
Status: 2 WARNINGs
